mode: atomic
github.com/scoir/canis/pkg/steward/admin.go:28.104,30.16 2 0
github.com/scoir/canis/pkg/steward/admin.go:30.16,32.3 1 0
github.com/scoir/canis/pkg/steward/admin.go:37.60,39.2 1 0
github.com/scoir/canis/pkg/steward/admin.go:41.55,43.2 1 0
github.com/scoir/canis/pkg/steward/admin.go:45.116,52.32 2 4
github.com/scoir/canis/pkg/steward/admin.go:56.2,57.45 2 3
github.com/scoir/canis/pkg/steward/admin.go:64.2,65.16 2 3
github.com/scoir/canis/pkg/steward/admin.go:69.2,70.16 2 2
github.com/scoir/canis/pkg/steward/admin.go:74.2,76.8 1 1
github.com/scoir/canis/pkg/steward/admin.go:52.32,54.3 1 1
github.com/scoir/canis/pkg/steward/admin.go:57.45,62.3 1 1
github.com/scoir/canis/pkg/steward/admin.go:65.16,67.3 1 1
github.com/scoir/canis/pkg/steward/admin.go:70.16,72.3 1 1
github.com/scoir/canis/pkg/steward/admin.go:79.110,87.16 3 2
github.com/scoir/canis/pkg/steward/admin.go:91.2,96.40 2 1
github.com/scoir/canis/pkg/steward/admin.go:112.2,112.17 1 1
github.com/scoir/canis/pkg/steward/admin.go:87.16,89.3 1 1
github.com/scoir/canis/pkg/steward/admin.go:96.40,104.47 2 1
github.com/scoir/canis/pkg/steward/admin.go:104.47,109.4 1 1
github.com/scoir/canis/pkg/steward/admin.go:115.107,117.16 2 2
github.com/scoir/canis/pkg/steward/admin.go:121.2,130.46 3 1
github.com/scoir/canis/pkg/steward/admin.go:137.2,137.17 1 1
github.com/scoir/canis/pkg/steward/admin.go:117.16,119.3 1 1
github.com/scoir/canis/pkg/steward/admin.go:130.46,135.3 1 1
github.com/scoir/canis/pkg/steward/admin.go:140.116,142.16 2 2
github.com/scoir/canis/pkg/steward/admin.go:146.2,146.41 1 1
github.com/scoir/canis/pkg/steward/admin.go:142.16,144.3 1 1
github.com/scoir/canis/pkg/steward/admin.go:149.116,150.50 1 3
github.com/scoir/canis/pkg/steward/admin.go:154.2,155.16 2 2
github.com/scoir/canis/pkg/steward/admin.go:159.2,162.45 4 1
github.com/scoir/canis/pkg/steward/admin.go:169.2,170.16 2 1
github.com/scoir/canis/pkg/steward/admin.go:174.2,174.41 1 1
github.com/scoir/canis/pkg/steward/admin.go:150.50,152.3 1 1
github.com/scoir/canis/pkg/steward/admin.go:155.16,157.3 1 1
github.com/scoir/canis/pkg/steward/admin.go:162.45,167.3 1 1
github.com/scoir/canis/pkg/steward/admin.go:170.16,172.3 1 0
github.com/scoir/canis/pkg/steward/admin.go:177.113,185.32 2 4
github.com/scoir/canis/pkg/steward/admin.go:188.2,189.16 2 3
github.com/scoir/canis/pkg/steward/admin.go:193.2,194.16 2 2
github.com/scoir/canis/pkg/steward/admin.go:198.2,200.8 1 1
github.com/scoir/canis/pkg/steward/admin.go:185.32,187.3 1 1
github.com/scoir/canis/pkg/steward/admin.go:189.16,191.3 1 1
github.com/scoir/canis/pkg/steward/admin.go:194.16,196.3 1 1
github.com/scoir/canis/pkg/steward/admin.go:203.107,211.16 3 2
github.com/scoir/canis/pkg/steward/admin.go:215.2,220.39 2 1
github.com/scoir/canis/pkg/steward/admin.go:229.2,229.17 1 1
github.com/scoir/canis/pkg/steward/admin.go:211.16,213.3 1 1
github.com/scoir/canis/pkg/steward/admin.go:220.39,227.3 1 1
github.com/scoir/canis/pkg/steward/admin.go:232.104,234.16 2 2
github.com/scoir/canis/pkg/steward/admin.go:238.2,247.17 3 1
github.com/scoir/canis/pkg/steward/admin.go:234.16,236.3 1 1
github.com/scoir/canis/pkg/steward/admin.go:250.113,252.16 2 2
github.com/scoir/canis/pkg/steward/admin.go:256.2,256.40 1 1
github.com/scoir/canis/pkg/steward/admin.go:252.16,254.3 1 1
github.com/scoir/canis/pkg/steward/admin.go:259.113,260.48 1 1
github.com/scoir/canis/pkg/steward/admin.go:264.2,265.16 2 1
github.com/scoir/canis/pkg/steward/admin.go:269.2,274.16 5 1
github.com/scoir/canis/pkg/steward/admin.go:278.2,278.40 1 1
github.com/scoir/canis/pkg/steward/admin.go:260.48,262.3 1 0
github.com/scoir/canis/pkg/steward/admin.go:265.16,267.3 1 0
github.com/scoir/canis/pkg/steward/admin.go:274.16,276.3 1 0
github.com/scoir/canis/pkg/steward/admin.go:281.113,283.16 2 3
github.com/scoir/canis/pkg/steward/admin.go:287.2,288.16 2 3
github.com/scoir/canis/pkg/steward/admin.go:291.2,294.16 3 2
github.com/scoir/canis/pkg/steward/admin.go:298.2,301.14 2 2
github.com/scoir/canis/pkg/steward/admin.go:326.2,326.17 1 1
github.com/scoir/canis/pkg/steward/admin.go:283.16,285.3 1 0
github.com/scoir/canis/pkg/steward/admin.go:288.16,290.3 1 1
github.com/scoir/canis/pkg/steward/admin.go:294.16,296.3 1 0
github.com/scoir/canis/pkg/steward/admin.go:301.14,303.17 2 1
github.com/scoir/canis/pkg/steward/admin.go:306.3,306.49 1 1
github.com/scoir/canis/pkg/steward/admin.go:309.3,311.37 2 1
github.com/scoir/canis/pkg/steward/admin.go:303.17,305.4 1 0
github.com/scoir/canis/pkg/steward/admin.go:306.49,308.4 1 0
github.com/scoir/canis/pkg/steward/admin.go:311.37,312.41 1 1
github.com/scoir/canis/pkg/steward/admin.go:313.27,315.20 2 1
github.com/scoir/canis/pkg/steward/admin.go:316.25,318.20 2 0
github.com/scoir/canis/pkg/steward/admin.go:319.29,321.20 2 0
github.com/scoir/canis/pkg/steward/admin.go:329.119,331.16 2 2
github.com/scoir/canis/pkg/steward/admin.go:335.2,335.21 1 2
github.com/scoir/canis/pkg/steward/admin.go:339.2,340.16 2 1
github.com/scoir/canis/pkg/steward/admin.go:344.2,346.16 3 1
github.com/scoir/canis/pkg/steward/admin.go:350.2,350.42 1 1
github.com/scoir/canis/pkg/steward/admin.go:331.16,333.3 1 0
github.com/scoir/canis/pkg/steward/admin.go:335.21,337.3 1 1
github.com/scoir/canis/pkg/steward/admin.go:340.16,342.3 1 0
github.com/scoir/canis/pkg/steward/admin.go:346.16,348.3 1 0
github.com/scoir/canis/pkg/steward/admin.go:353.133,356.16 2 3
github.com/scoir/canis/pkg/steward/admin.go:360.2,361.16 2 2
github.com/scoir/canis/pkg/steward/admin.go:365.2,366.60 2 1
github.com/scoir/canis/pkg/steward/admin.go:356.16,358.3 1 1
github.com/scoir/canis/pkg/steward/admin.go:361.16,363.3 1 1
github.com/scoir/canis/pkg/steward/credential_handler.go:14.99,15.2 0 0
github.com/scoir/canis/pkg/steward/credential_handler.go:17.95,18.2 0 0
github.com/scoir/canis/pkg/steward/credential_handler.go:20.95,21.2 0 0
github.com/scoir/canis/pkg/steward/credential_handler.go:23.105,24.2 0 0
github.com/scoir/canis/pkg/steward/grpc_serveropts.go:22.55,23.106 1 0
github.com/scoir/canis/pkg/steward/grpc_serveropts.go:53.2,56.3 1 0
github.com/scoir/canis/pkg/steward/grpc_serveropts.go:23.106,25.53 1 0
github.com/scoir/canis/pkg/steward/grpc_serveropts.go:29.3,30.9 2 0
github.com/scoir/canis/pkg/steward/grpc_serveropts.go:50.3,50.72 1 0
github.com/scoir/canis/pkg/steward/grpc_serveropts.go:25.53,27.4 1 0
github.com/scoir/canis/pkg/steward/grpc_serveropts.go:30.9,32.53 1 0
github.com/scoir/canis/pkg/steward/grpc_serveropts.go:32.53,40.5 2 0
github.com/scoir/canis/pkg/steward/grpc_serveropts.go:40.10,40.63 1 0
github.com/scoir/canis/pkg/steward/grpc_serveropts.go:40.63,48.5 2 0
github.com/scoir/canis/pkg/steward/notifier.go:18.54,23.2 4 0
github.com/scoir/canis/pkg/steward/notifier.go:25.64,27.16 2 0
github.com/scoir/canis/pkg/steward/notifier.go:31.2,32.58 2 0
github.com/scoir/canis/pkg/steward/notifier.go:27.16,29.3 1 0
github.com/scoir/canis/pkg/steward/steward.go:49.42,56.16 5 1
github.com/scoir/canis/pkg/steward/steward.go:60.2,61.16 2 1
github.com/scoir/canis/pkg/steward/steward.go:65.2,66.16 2 1
github.com/scoir/canis/pkg/steward/steward.go:70.2,71.16 2 1
github.com/scoir/canis/pkg/steward/steward.go:75.2,78.16 3 1
github.com/scoir/canis/pkg/steward/steward.go:82.2,83.16 2 1
github.com/scoir/canis/pkg/steward/steward.go:87.2,88.16 2 1
github.com/scoir/canis/pkg/steward/steward.go:91.2,92.16 2 1
github.com/scoir/canis/pkg/steward/steward.go:96.2,98.16 3 1
github.com/scoir/canis/pkg/steward/steward.go:102.2,103.16 2 1
github.com/scoir/canis/pkg/steward/steward.go:106.2,106.15 1 1
github.com/scoir/canis/pkg/steward/steward.go:56.16,58.3 1 0
github.com/scoir/canis/pkg/steward/steward.go:61.16,63.3 1 0
github.com/scoir/canis/pkg/steward/steward.go:66.16,68.3 1 0
github.com/scoir/canis/pkg/steward/steward.go:71.16,73.3 1 0
github.com/scoir/canis/pkg/steward/steward.go:78.16,80.3 1 0
github.com/scoir/canis/pkg/steward/steward.go:83.16,85.3 1 0
github.com/scoir/canis/pkg/steward/steward.go:88.16,90.3 1 0
github.com/scoir/canis/pkg/steward/steward.go:92.16,94.3 1 0
github.com/scoir/canis/pkg/steward/steward.go:98.16,100.3 1 0
github.com/scoir/canis/pkg/steward/steward.go:103.16,105.3 1 0
github.com/scoir/canis/pkg/steward/steward.go:109.37,113.16 3 1
github.com/scoir/canis/pkg/steward/steward.go:134.2,134.12 1 1
github.com/scoir/canis/pkg/steward/steward.go:113.17,129.3 0 1
github.com/scoir/canis/pkg/steward/steward.go:129.8,132.3 2 0
github.com/scoir/canis/pkg/steward/steward_msg_handler.go:16.75,18.2 1 0
github.com/scoir/canis/pkg/steward/steward_msg_handler.go:20.92,22.16 2 0
github.com/scoir/canis/pkg/steward/steward_msg_handler.go:26.2,37.81 5 0
github.com/scoir/canis/pkg/steward/steward_msg_handler.go:22.16,24.3 1 0
