mode: atomic
github.com/scoir/canis/pkg/didcomm/issuer.go:34.90,39.2 1 3
github.com/scoir/canis/pkg/didcomm/issuer.go:41.136,43.16 2 3
github.com/scoir/canis/pkg/didcomm/issuer.go:47.2,48.39 2 2
github.com/scoir/canis/pkg/didcomm/issuer.go:55.2,65.16 3 2
github.com/scoir/canis/pkg/didcomm/issuer.go:69.2,71.17 2 1
github.com/scoir/canis/pkg/didcomm/issuer.go:43.16,45.3 1 1
github.com/scoir/canis/pkg/didcomm/issuer.go:48.39,53.3 1 0
github.com/scoir/canis/pkg/didcomm/issuer.go:65.16,67.3 1 1
github.com/scoir/canis/pkg/didcomm/server.go:32.41,35.16 2 1
github.com/scoir/canis/pkg/didcomm/server.go:39.2,45.16 2 1
github.com/scoir/canis/pkg/didcomm/server.go:49.2,50.16 2 1
github.com/scoir/canis/pkg/didcomm/server.go:54.2,55.16 2 1
github.com/scoir/canis/pkg/didcomm/server.go:59.2,60.16 2 1
github.com/scoir/canis/pkg/didcomm/server.go:64.2,69.15 2 1
github.com/scoir/canis/pkg/didcomm/server.go:35.16,37.3 1 0
github.com/scoir/canis/pkg/didcomm/server.go:45.16,47.3 1 0
github.com/scoir/canis/pkg/didcomm/server.go:50.16,52.3 1 0
github.com/scoir/canis/pkg/didcomm/server.go:55.16,57.3 1 0
github.com/scoir/canis/pkg/didcomm/server.go:60.16,62.3 1 0
github.com/scoir/canis/pkg/didcomm/server.go:72.58,74.2 1 0
github.com/scoir/canis/pkg/didcomm/server.go:76.53,78.2 1 0
github.com/scoir/canis/pkg/didcomm/server.go:80.102,81.23 1 0
github.com/scoir/canis/pkg/didcomm/server.go:84.53,85.23 1 0
