mode: atomic
github.com/scoir/canis/pkg/datastore/mongodb/mongodbstore.go:44.53,45.19 1 12
github.com/scoir/canis/pkg/datastore/mongodb/mongodbstore.go:49.2,55.16 6 11
github.com/scoir/canis/pkg/datastore/mongodb/mongodbstore.go:59.2,60.16 2 10
github.com/scoir/canis/pkg/datastore/mongodb/mongodbstore.go:63.2,69.15 3 10
github.com/scoir/canis/pkg/datastore/mongodb/mongodbstore.go:45.19,47.3 1 1
github.com/scoir/canis/pkg/datastore/mongodb/mongodbstore.go:55.16,57.3 1 1
github.com/scoir/canis/pkg/datastore/mongodb/mongodbstore.go:60.16,62.3 1 0
github.com/scoir/canis/pkg/datastore/mongodb/mongodbstore.go:73.68,77.16 3 10
github.com/scoir/canis/pkg/datastore/mongodb/mongodbstore.go:81.2,87.19 3 9
github.com/scoir/canis/pkg/datastore/mongodb/mongodbstore.go:77.16,79.3 1 1
github.com/scoir/canis/pkg/datastore/mongodb/mongodbstore.go:91.34,98.2 4 6
github.com/scoir/canis/pkg/datastore/mongodb/mongodbstore.go:101.50,106.13 4 6
github.com/scoir/canis/pkg/datastore/mongodb/mongodbstore.go:110.2,112.55 2 5
github.com/scoir/canis/pkg/datastore/mongodb/mongodbstore.go:106.13,108.3 1 1
github.com/scoir/canis/pkg/datastore/mongodb/mongodbstore.go:115.58,117.16 2 4
github.com/scoir/canis/pkg/datastore/mongodb/mongodbstore.go:121.2,121.12 1 3
github.com/scoir/canis/pkg/datastore/mongodb/mongodbstore.go:117.16,119.3 1 1
github.com/scoir/canis/pkg/datastore/mongodb/mongodbstore.go:124.87,140.16 8 2
github.com/scoir/canis/pkg/datastore/mongodb/mongodbstore.go:144.2,150.16 3 1
github.com/scoir/canis/pkg/datastore/mongodb/mongodbstore.go:154.2,154.18 1 1
github.com/scoir/canis/pkg/datastore/mongodb/mongodbstore.go:140.16,142.3 1 1
github.com/scoir/canis/pkg/datastore/mongodb/mongodbstore.go:150.16,152.3 1 0
github.com/scoir/canis/pkg/datastore/mongodb/mongodbstore.go:157.55,160.16 3 2
github.com/scoir/canis/pkg/datastore/mongodb/mongodbstore.go:164.2,165.16 2 1
github.com/scoir/canis/pkg/datastore/mongodb/mongodbstore.go:169.2,169.12 1 1
github.com/scoir/canis/pkg/datastore/mongodb/mongodbstore.go:160.16,162.3 1 1
github.com/scoir/canis/pkg/datastore/mongodb/mongodbstore.go:165.16,167.3 1 0
github.com/scoir/canis/pkg/datastore/mongodb/mongodbstore.go:172.63,175.16 3 2
github.com/scoir/canis/pkg/datastore/mongodb/mongodbstore.go:179.2,179.17 1 1
github.com/scoir/canis/pkg/datastore/mongodb/mongodbstore.go:175.16,177.3 1 1
github.com/scoir/canis/pkg/datastore/mongodb/mongodbstore.go:182.74,184.16 2 3
github.com/scoir/canis/pkg/datastore/mongodb/mongodbstore.go:187.2,187.18 1 2
github.com/scoir/canis/pkg/datastore/mongodb/mongodbstore.go:184.16,186.3 1 1
github.com/scoir/canis/pkg/datastore/mongodb/mongodbstore.go:190.95,192.18 2 3
github.com/scoir/canis/pkg/datastore/mongodb/mongodbstore.go:197.2,204.16 6 3
github.com/scoir/canis/pkg/datastore/mongodb/mongodbstore.go:208.2,214.16 3 2
github.com/scoir/canis/pkg/datastore/mongodb/mongodbstore.go:218.2,218.18 1 2
github.com/scoir/canis/pkg/datastore/mongodb/mongodbstore.go:192.18,195.3 2 1
github.com/scoir/canis/pkg/datastore/mongodb/mongodbstore.go:204.16,206.3 1 1
github.com/scoir/canis/pkg/datastore/mongodb/mongodbstore.go:214.16,216.3 1 0
github.com/scoir/canis/pkg/datastore/mongodb/mongodbstore.go:221.72,225.16 3 2
github.com/scoir/canis/pkg/datastore/mongodb/mongodbstore.go:229.2,229.20 1 1
github.com/scoir/canis/pkg/datastore/mongodb/mongodbstore.go:225.16,227.3 1 1
github.com/scoir/canis/pkg/datastore/mongodb/mongodbstore.go:232.54,234.16 2 2
github.com/scoir/canis/pkg/datastore/mongodb/mongodbstore.go:238.2,238.12 1 1
github.com/scoir/canis/pkg/datastore/mongodb/mongodbstore.go:234.16,236.3 1 1
github.com/scoir/canis/pkg/datastore/mongodb/mongodbstore.go:241.64,243.16 2 2
github.com/scoir/canis/pkg/datastore/mongodb/mongodbstore.go:247.2,247.12 1 1
github.com/scoir/canis/pkg/datastore/mongodb/mongodbstore.go:243.16,245.3 1 1
github.com/scoir/canis/pkg/datastore/mongodb/mongodbstore.go:250.72,252.16 2 3
github.com/scoir/canis/pkg/datastore/mongodb/mongodbstore.go:255.2,255.18 1 2
github.com/scoir/canis/pkg/datastore/mongodb/mongodbstore.go:252.16,254.3 1 1
github.com/scoir/canis/pkg/datastore/mongodb/mongodbstore.go:259.92,260.14 1 3
github.com/scoir/canis/pkg/datastore/mongodb/mongodbstore.go:267.2,268.18 2 3
github.com/scoir/canis/pkg/datastore/mongodb/mongodbstore.go:273.2,280.16 6 3
github.com/scoir/canis/pkg/datastore/mongodb/mongodbstore.go:284.2,290.16 3 2
github.com/scoir/canis/pkg/datastore/mongodb/mongodbstore.go:294.2,294.18 1 2
github.com/scoir/canis/pkg/datastore/mongodb/mongodbstore.go:260.14,265.3 1 1
github.com/scoir/canis/pkg/datastore/mongodb/mongodbstore.go:268.18,271.3 2 1
github.com/scoir/canis/pkg/datastore/mongodb/mongodbstore.go:280.16,282.3 1 1
github.com/scoir/canis/pkg/datastore/mongodb/mongodbstore.go:290.16,292.3 1 0
github.com/scoir/canis/pkg/datastore/mongodb/mongodbstore.go:297.70,301.16 3 2
github.com/scoir/canis/pkg/datastore/mongodb/mongodbstore.go:305.2,305.19 1 1
github.com/scoir/canis/pkg/datastore/mongodb/mongodbstore.go:301.16,303.3 1 1
github.com/scoir/canis/pkg/datastore/mongodb/mongodbstore.go:309.92,313.16 3 2
github.com/scoir/canis/pkg/datastore/mongodb/mongodbstore.go:317.2,317.19 1 1
github.com/scoir/canis/pkg/datastore/mongodb/mongodbstore.go:313.16,315.3 1 1
github.com/scoir/canis/pkg/datastore/mongodb/mongodbstore.go:321.53,323.16 2 2
github.com/scoir/canis/pkg/datastore/mongodb/mongodbstore.go:327.2,327.12 1 1
github.com/scoir/canis/pkg/datastore/mongodb/mongodbstore.go:323.16,325.3 1 1
github.com/scoir/canis/pkg/datastore/mongodb/mongodbstore.go:330.62,332.16 2 2
github.com/scoir/canis/pkg/datastore/mongodb/mongodbstore.go:336.2,336.12 1 1
github.com/scoir/canis/pkg/datastore/mongodb/mongodbstore.go:332.16,334.3 1 1
