mode: atomic
github.com/scoir/canis/pkg/framework/context/aries.go:55.43,62.2 3 1
github.com/scoir/canis/pkg/framework/context/aries.go:64.55,66.2 1 2
github.com/scoir/canis/pkg/framework/context/aries.go:68.72,70.2 1 1
github.com/scoir/canis/pkg/framework/context/aries.go:72.56,73.18 1 6
github.com/scoir/canis/pkg/framework/context/aries.go:80.2,80.14 1 6
github.com/scoir/canis/pkg/framework/context/aries.go:73.18,75.17 2 6
github.com/scoir/canis/pkg/framework/context/aries.go:75.17,77.4 1 0
github.com/scoir/canis/pkg/framework/context/aries.go:83.47,85.16 2 6
github.com/scoir/canis/pkg/framework/context/aries.go:89.2,90.16 2 6
github.com/scoir/canis/pkg/framework/context/aries.go:93.2,95.12 2 6
github.com/scoir/canis/pkg/framework/context/aries.go:85.16,87.3 1 0
github.com/scoir/canis/pkg/framework/context/aries.go:90.16,92.3 1 0
github.com/scoir/canis/pkg/framework/context/aries.go:98.48,102.18 3 6
github.com/scoir/canis/pkg/framework/context/aries.go:108.2,108.30 1 6
github.com/scoir/canis/pkg/framework/context/aries.go:114.2,114.46 1 6
github.com/scoir/canis/pkg/framework/context/aries.go:121.2,126.12 2 6
github.com/scoir/canis/pkg/framework/context/aries.go:102.18,104.3 1 2
github.com/scoir/canis/pkg/framework/context/aries.go:104.8,106.3 1 4
github.com/scoir/canis/pkg/framework/context/aries.go:108.30,112.3 3 1
github.com/scoir/canis/pkg/framework/context/aries.go:114.46,118.3 3 2
github.com/scoir/canis/pkg/framework/context/aries.go:129.64,132.20 3 2
github.com/scoir/canis/pkg/framework/context/aries.go:136.2,137.16 2 1
github.com/scoir/canis/pkg/framework/context/aries.go:141.2,142.21 2 1
github.com/scoir/canis/pkg/framework/context/aries.go:132.20,134.3 1 1
github.com/scoir/canis/pkg/framework/context/aries.go:137.16,139.3 1 0
github.com/scoir/canis/pkg/framework/context/aries.go:145.62,147.2 1 1
github.com/scoir/canis/pkg/framework/context/aries.go:149.75,152.21 3 2
github.com/scoir/canis/pkg/framework/context/aries.go:156.2,157.16 2 1
github.com/scoir/canis/pkg/framework/context/aries.go:160.2,161.22 2 1
github.com/scoir/canis/pkg/framework/context/aries.go:152.21,154.3 1 1
github.com/scoir/canis/pkg/framework/context/aries.go:157.16,159.3 1 0
github.com/scoir/canis/pkg/framework/context/aries.go:164.61,167.22 3 2
github.com/scoir/canis/pkg/framework/context/aries.go:171.2,172.16 2 1
github.com/scoir/canis/pkg/framework/context/aries.go:175.2,176.23 2 1
github.com/scoir/canis/pkg/framework/context/aries.go:167.22,169.3 1 1
github.com/scoir/canis/pkg/framework/context/aries.go:172.16,174.3 1 0
github.com/scoir/canis/pkg/framework/context/datastore.go:29.60,32.17 3 5
github.com/scoir/canis/pkg/framework/context/datastore.go:36.2,38.16 3 4
github.com/scoir/canis/pkg/framework/context/datastore.go:42.2,42.21 1 4
github.com/scoir/canis/pkg/framework/context/datastore.go:53.2,53.70 1 3
github.com/scoir/canis/pkg/framework/context/datastore.go:32.17,34.3 1 1
github.com/scoir/canis/pkg/framework/context/datastore.go:38.16,40.3 1 0
github.com/scoir/canis/pkg/framework/context/datastore.go:43.15,44.44 1 1
github.com/scoir/canis/pkg/framework/context/datastore.go:45.18,46.48 1 1
github.com/scoir/canis/pkg/framework/context/datastore.go:47.17,48.55 1 1
github.com/scoir/canis/pkg/framework/context/datastore.go:49.10,50.68 1 1
github.com/scoir/canis/pkg/framework/context/grpc.go:23.67,24.26 1 2
github.com/scoir/canis/pkg/framework/context/grpc.go:28.2,30.16 3 1
github.com/scoir/canis/pkg/framework/context/grpc.go:34.2,34.16 1 1
github.com/scoir/canis/pkg/framework/context/grpc.go:24.26,26.3 1 1
github.com/scoir/canis/pkg/framework/context/grpc.go:30.16,32.3 1 0
github.com/scoir/canis/pkg/framework/context/grpc.go:37.69,38.28 1 2
github.com/scoir/canis/pkg/framework/context/grpc.go:42.2,44.16 3 1
github.com/scoir/canis/pkg/framework/context/grpc.go:48.2,48.16 1 1
github.com/scoir/canis/pkg/framework/context/grpc.go:38.28,40.3 1 1
github.com/scoir/canis/pkg/framework/context/grpc.go:44.16,46.3 1 0
github.com/scoir/canis/pkg/framework/context/grpc.go:51.64,52.37 1 2
github.com/scoir/canis/pkg/framework/context/grpc.go:56.2,58.16 3 1
github.com/scoir/canis/pkg/framework/context/grpc.go:62.2,63.16 2 1
github.com/scoir/canis/pkg/framework/context/grpc.go:66.2,67.16 2 1
github.com/scoir/canis/pkg/framework/context/grpc.go:52.37,54.3 1 1
github.com/scoir/canis/pkg/framework/context/grpc.go:58.16,60.3 1 0
github.com/scoir/canis/pkg/framework/context/grpc.go:63.16,65.3 1 0
github.com/scoir/canis/pkg/framework/context/provider.go:34.45,36.2 1 19
github.com/scoir/canis/pkg/framework/context/provider.go:38.83,40.16 2 3
github.com/scoir/canis/pkg/framework/context/provider.go:44.2,52.16 7 2
github.com/scoir/canis/pkg/framework/context/provider.go:55.2,55.17 1 2
github.com/scoir/canis/pkg/framework/context/provider.go:40.16,42.3 1 1
github.com/scoir/canis/pkg/framework/context/provider.go:52.16,54.3 1 0
github.com/scoir/canis/pkg/framework/context/provider.go:58.71,64.15 5 3
github.com/scoir/canis/pkg/framework/context/provider.go:67.2,73.16 6 2
github.com/scoir/canis/pkg/framework/context/provider.go:77.2,77.17 1 2
github.com/scoir/canis/pkg/framework/context/provider.go:64.15,66.3 1 1
github.com/scoir/canis/pkg/framework/context/provider.go:73.16,75.3 1 0
github.com/scoir/canis/pkg/framework/context/provider.go:79.66,81.2 1 0
github.com/scoir/canis/pkg/framework/context/runtime.go:27.57,31.19 3 5
github.com/scoir/canis/pkg/framework/context/runtime.go:35.2,37.16 3 4
github.com/scoir/canis/pkg/framework/context/runtime.go:40.2,40.21 1 4
github.com/scoir/canis/pkg/framework/context/runtime.go:49.2,49.73 1 3
github.com/scoir/canis/pkg/framework/context/runtime.go:31.19,33.3 1 1
github.com/scoir/canis/pkg/framework/context/runtime.go:37.16,39.3 1 0
github.com/scoir/canis/pkg/framework/context/runtime.go:41.20,42.28 1 1
github.com/scoir/canis/pkg/framework/context/runtime.go:43.16,44.41 1 2
github.com/scoir/canis/pkg/framework/context/runtime.go:45.10,46.73 1 1
github.com/scoir/canis/pkg/framework/context/runtime.go:53.56,55.2 1 1
github.com/scoir/canis/pkg/framework/context/runtime.go:57.76,58.15 1 2
github.com/scoir/canis/pkg/framework/context/runtime.go:61.2,62.16 2 1
github.com/scoir/canis/pkg/framework/context/runtime.go:65.2,65.15 1 1
github.com/scoir/canis/pkg/framework/context/runtime.go:58.15,60.3 1 1
github.com/scoir/canis/pkg/framework/context/runtime.go:62.16,64.3 1 0
